[2017-07-12 18:18:53] lumen.ERROR: ReflectionException: Class filesystem does not exist in C:\xampp\htdocs\sendaxe\senda-gnre\vendor\illuminate\container\Container.php:729
Stack trace:
#0 C:\xampp\htdocs\sendaxe\senda-gnre\vendor\illuminate\container\Container.php(729): ReflectionClass->__construct('filesystem')
#1 C:\xampp\htdocs\sendaxe\senda-gnre\vendor\illuminate\container\Container.php(608): Illuminate\Container\Container->build('filesystem')
#2 C:\xampp\htdocs\sendaxe\senda-gnre\vendor\illuminate\container\Container.php(575): Illuminate\Container\Container->resolve('filesystem')
#3 C:\xampp\htdocs\sendaxe\senda-gnre\vendor\laravel\lumen-framework\src\Application.php(208): Illuminate\Container\Container->make('filesystem')
#4 C:\xampp\htdocs\sendaxe\senda-gnre\vendor\illuminate\container\Container.php(1172): Laravel\Lumen\Application->make('filesystem')
#5 C:\xampp\htdocs\sendaxe\senda-gnre\vendor\illuminate\support\Facades\Facade.php(159): Illuminate\Container\Container->offsetGet('filesystem')
#6 C:\xampp\htdocs\sendaxe\senda-gnre\vendor\illuminate\support\Facades\Facade.php(128): Illuminate\Support\Facades\Facade::resolveFacadeInstance('filesystem')
#7 C:\xampp\htdocs\sendaxe\senda-gnre\vendor\illuminate\support\Facades\Facade.php(215): Illuminate\Support\Facades\Facade::getFacadeRoot()
#8 C:\xampp\htdocs\sendaxe\senda-gnre\app\Http\Controllers\GerarGuias.php(40): Illuminate\Support\Facades\Facade::__callStatic('disk', Array)
#9 [internal function]: App\Http\Controllers\GerarGuias->pdfGuia('46')
#10 C:\xampp\htdocs\sendaxe\senda-gnre\vendor\illuminate\container\BoundMethod.php(29): call_user_func_array(Array, Array)
#11 C:\xampp\htdocs\sendaxe\senda-gnre\vendor\illuminate\container\BoundMethod.php(87): Illuminate\Container\BoundMethod::Illuminate\Container\{closure}()
#12 C:\xampp\htdocs\sendaxe\senda-gnre\vendor\illuminate\container\BoundMethod.php(31): Illuminate\Container\BoundMethod::callBoundMethod(Object(Laravel\Lumen\Application), Array, Object(Closure))
#13 C:\xampp\htdocs\sendaxe\senda-gnre\vendor\illuminate\container\Container.php(539): Illuminate\Container\BoundMethod::call(Object(Laravel\Lumen\Application), Array, Array, NULL)
#14 C:\xampp\htdocs\sendaxe\senda-gnre\vendor\laravel\lumen-framework\src\Concerns\RoutesRequests.php(741): Illuminate\Container\Container->call(Array, Array)
#15 C:\xampp\htdocs\sendaxe\senda-gnre\vendor\laravel\lumen-framework\src\Concerns\RoutesRequests.php(707): Laravel\Lumen\Application->callControllerCallable(Array, Array)
#16 C:\xampp\htdocs\sendaxe\senda-gnre\vendor\laravel\lumen-framework\src\Concerns\RoutesRequests.php(681): Laravel\Lumen\Application->callLumenController(Object(App\Http\Controllers\GerarGuias), 'pdfGuia', Array)
#17 C:\xampp\htdocs\sendaxe\senda-gnre\vendor\laravel\lumen-framework\src\Concerns\RoutesRequests.php(643): Laravel\Lumen\Application->callControllerAction(Array)
#18 C:\xampp\htdocs\sendaxe\senda-gnre\vendor\laravel\lumen-framework\src\Concerns\RoutesRequests.php(628): Laravel\Lumen\Application->callActionOnArrayBasedRoute(Array)
#19 C:\xampp\htdocs\sendaxe\senda-gnre\vendor\laravel\lumen-framework\src\Concerns\RoutesRequests.php(598): Laravel\Lumen\Application->handleFoundRoute(Array)
#20 C:\xampp\htdocs\sendaxe\senda-gnre\vendor\laravel\lumen-framework\src\Concerns\RoutesRequests.php(532): Laravel\Lumen\Application->handleDispatcherResponse(Array)
#21 C:\xampp\htdocs\sendaxe\senda-gnre\vendor\laravel\lumen-framework\src\Concerns\RoutesRequests.php(781): Laravel\Lumen\Application->Laravel\Lumen\Concerns\{closure}()
#22 C:\xampp\htdocs\sendaxe\senda-gnre\vendor\laravel\lumen-framework\src\Concerns\RoutesRequests.php(534): Laravel\Lumen\Application->sendThroughPipeline(Array, Object(Closure))
#23 C:\xampp\htdocs\sendaxe\senda-gnre\vendor\laravel\lumen-framework\src\Concerns\RoutesRequests.php(475): Laravel\Lumen\Application->dispatch(NULL)
#24 C:\xampp\htdocs\sendaxe\senda-gnre\public\index.php(28): Laravel\Lumen\Application->run()
#25 {main}  
[2017-07-12 18:18:55] lumen.ERROR: ReflectionException: Class filesystem does not exist in C:\xampp\htdocs\sendaxe\senda-gnre\vendor\illuminate\container\Container.php:729
Stack trace:
#0 C:\xampp\htdocs\sendaxe\senda-gnre\vendor\illuminate\container\Container.php(729): ReflectionClass->__construct('filesystem')
#1 C:\xampp\htdocs\sendaxe\senda-gnre\vendor\illuminate\container\Container.php(608): Illuminate\Container\Container->build('filesystem')
#2 C:\xampp\htdocs\sendaxe\senda-gnre\vendor\illuminate\container\Container.php(575): Illuminate\Container\Container->resolve('filesystem')
#3 C:\xampp\htdocs\sendaxe\senda-gnre\vendor\laravel\lumen-framework\src\Application.php(208): Illuminate\Container\Container->make('filesystem')
#4 C:\xampp\htdocs\sendaxe\senda-gnre\vendor\illuminate\container\Container.php(1172): Laravel\Lumen\Application->make('filesystem')
#5 C:\xampp\htdocs\sendaxe\senda-gnre\vendor\illuminate\support\Facades\Facade.php(159): Illuminate\Container\Container->offsetGet('filesystem')
#6 C:\xampp\htdocs\sendaxe\senda-gnre\vendor\illuminate\support\Facades\Facade.php(128): Illuminate\Support\Facades\Facade::resolveFacadeInstance('filesystem')
#7 C:\xampp\htdocs\sendaxe\senda-gnre\vendor\illuminate\support\Facades\Facade.php(215): Illuminate\Support\Facades\Facade::getFacadeRoot()
#8 C:\xampp\htdocs\sendaxe\senda-gnre\app\Http\Controllers\GerarGuias.php(40): Illuminate\Support\Facades\Facade::__callStatic('disk', Array)
#9 [internal function]: App\Http\Controllers\GerarGuias->pdfGuia('46')
#10 C:\xampp\htdocs\sendaxe\senda-gnre\vendor\illuminate\container\BoundMethod.php(29): call_user_func_array(Array, Array)
#11 C:\xampp\htdocs\sendaxe\senda-gnre\vendor\illuminate\container\BoundMethod.php(87): Illuminate\Container\BoundMethod::Illuminate\Container\{closure}()
#12 C:\xampp\htdocs\sendaxe\senda-gnre\vendor\illuminate\container\BoundMethod.php(31): Illuminate\Container\BoundMethod::callBoundMethod(Object(Laravel\Lumen\Application), Array, Object(Closure))
#13 C:\xampp\htdocs\sendaxe\senda-gnre\vendor\illuminate\container\Container.php(539): Illuminate\Container\BoundMethod::call(Object(Laravel\Lumen\Application), Array, Array, NULL)
#14 C:\xampp\htdocs\sendaxe\senda-gnre\vendor\laravel\lumen-framework\src\Concerns\RoutesRequests.php(741): Illuminate\Container\Container->call(Array, Array)
#15 C:\xampp\htdocs\sendaxe\senda-gnre\vendor\laravel\lumen-framework\src\Concerns\RoutesRequests.php(707): Laravel\Lumen\Application->callControllerCallable(Array, Array)
#16 C:\xampp\htdocs\sendaxe\senda-gnre\vendor\laravel\lumen-framework\src\Concerns\RoutesRequests.php(681): Laravel\Lumen\Application->callLumenController(Object(App\Http\Controllers\GerarGuias), 'pdfGuia', Array)
#17 C:\xampp\htdocs\sendaxe\senda-gnre\vendor\laravel\lumen-framework\src\Concerns\RoutesRequests.php(643): Laravel\Lumen\Application->callControllerAction(Array)
#18 C:\xampp\htdocs\sendaxe\senda-gnre\vendor\laravel\lumen-framework\src\Concerns\RoutesRequests.php(628): Laravel\Lumen\Application->callActionOnArrayBasedRoute(Array)
#19 C:\xampp\htdocs\sendaxe\senda-gnre\vendor\laravel\lumen-framework\src\Concerns\RoutesRequests.php(598): Laravel\Lumen\Application->handleFoundRoute(Array)
#20 C:\xampp\htdocs\sendaxe\senda-gnre\vendor\laravel\lumen-framework\src\Concerns\RoutesRequests.php(532): Laravel\Lumen\Application->handleDispatcherResponse(Array)
#21 C:\xampp\htdocs\sendaxe\senda-gnre\vendor\laravel\lumen-framework\src\Concerns\RoutesRequests.php(781): Laravel\Lumen\Application->Laravel\Lumen\Concerns\{closure}()
#22 C:\xampp\htdocs\sendaxe\senda-gnre\vendor\laravel\lumen-framework\src\Concerns\RoutesRequests.php(534): Laravel\Lumen\Application->sendThroughPipeline(Array, Object(Closure))
#23 C:\xampp\htdocs\sendaxe\senda-gnre\vendor\laravel\lumen-framework\src\Concerns\RoutesRequests.php(475): Laravel\Lumen\Application->dispatch(NULL)
#24 C:\xampp\htdocs\sendaxe\senda-gnre\public\index.php(28): Laravel\Lumen\Application->run()
#25 {main}  
